[2024-10-22 23:15:20] Método de solicitud inválido o falta product_id: GET
[2024-10-22 23:19:58] Método de solicitud inválido o falta product_id: GET
[2024-10-22 23:19:59] Método de solicitud inválido o falta product_id: GET
[2024-10-22 23:20:05] Método de solicitud inválido o falta product_id: GET
[2024-10-22 23:20:07] Método de solicitud inválido o falta product_id: GET
[2024-10-22 23:20:09] Método de solicitud inválido o falta product_id: GET
[2024-10-22 23:20:21] Método de solicitud inválido o falta product_id: GET
[2024-10-22 23:22:04] Método de solicitud inválido: GET
Request Method: GET
POST Data: Array
(
)

RAW Input: 
[2024-10-22 23:22:45] Método de solicitud inválido: GET
Request Method: GET
POST Data: Array
(
)

RAW Input: 
[2024-10-22 23:24:51] Método de solicitud inválido: GET
Request Method: GET
POST Data: Array
(
)

RAW Input: 
[2024-10-22 23:24:51] Método de solicitud inválido: GET
Request Method: GET
POST Data: Array
(
)

RAW Input: 
[2024-10-22 23:24:51] Método de solicitud inválido: GET
Request Method: GET
POST Data: Array
(
)

RAW Input: 
[2024-10-22 23:24:52] Método de solicitud inválido: GET
Request Method: GET
POST Data: Array
(
)

RAW Input: 
[ERROR] 2024-10-23 03:12:51 - Failed to prepare cart query
User ID: 3
Data: Array
(
    [query] => SELECT ID_Carrito FROM carrito WHERE ID_Usuario = ? AND estado = 'activo' LIMIT 1
    [mysql_error] => Unknown column 'estado' in 'where clause'
)

MySQL Error: Unknown column 'estado' in 'where clause'
--------------------------------------------------
[ERROR] 2024-10-23 03:12:51 - Exception in getOrCreateCart: Error al preparar la consulta del carrito
User ID: 3
MySQL Error: Unknown column 'estado' in 'where clause'
--------------------------------------------------
[ERROR] 2024-10-23 03:12:51 - Error in addToCart: Error al preparar la consulta del carrito
User ID: 3
MySQL Error: 
--------------------------------------------------
[ERROR] 2024-10-23 03:12:53 - Failed to prepare cart query
User ID: 3
Data: Array
(
    [query] => SELECT ID_Carrito FROM carrito WHERE ID_Usuario = ? AND estado = 'activo' LIMIT 1
    [mysql_error] => Unknown column 'estado' in 'where clause'
)

MySQL Error: Unknown column 'estado' in 'where clause'
--------------------------------------------------
[ERROR] 2024-10-23 03:12:53 - Exception in getOrCreateCart: Error al preparar la consulta del carrito
User ID: 3
MySQL Error: Unknown column 'estado' in 'where clause'
--------------------------------------------------
[ERROR] 2024-10-23 03:12:53 - Error in addToCart: Error al preparar la consulta del carrito
User ID: 3
MySQL Error: 
--------------------------------------------------
[ERROR] 2024-10-23 03:13:42 - Failed to prepare cart query
User ID: 3
Data: Array
(
    [query] => SELECT ID_Carrito FROM Carrito WHERE ID_Usuario = ? AND estado = 'activo' LIMIT 1
    [mysql_error] => Unknown column 'estado' in 'where clause'
)

MySQL Error: Unknown column 'estado' in 'where clause'
--------------------------------------------------
[ERROR] 2024-10-23 03:13:42 - Exception in getOrCreateCart: Error al preparar la consulta del carrito
User ID: 3
MySQL Error: Unknown column 'estado' in 'where clause'
--------------------------------------------------
[ERROR] 2024-10-23 03:13:42 - Error in addToCart: Error al preparar la consulta del carrito
User ID: 3
MySQL Error: 
--------------------------------------------------
